# Logfile created on 2012-08-01 18:48:21 +0800 by logger.rb/31641


Started GET "/" for 111.195.177.60 at 2012-08-01 18:51:24 +0800
Processing by WelcomeController#index as HTML
  Rendered application/headers/_zm_header.html.erb (4.1ms)
  Rendered welcome/_star_ul_lis.html.erb (64.4ms)
  Rendered application/footers/_flo_footer.html.erb (0.4ms)
  Rendered welcome/index.html.erb within layouts/application (546.3ms)
DEPRECATION WARNING:
On line 1 of "", after "*"
Starting in Sass 3.2, "html" may only be used at the beginning of a selector.

DEPRECATION WARNING:
On line 1 of "", after "*"
Starting in Sass 3.2, "html" may only be used at the beginning of a selector.

DEPRECATION WARNING:
On line 1 of "", after "*"
Starting in Sass 3.2, "html" may only be used at the beginning of a selector.

DEPRECATION WARNING:
On line 1 of "", after "*"
Starting in Sass 3.2, "html" may only be used at the beginning of a selector.

DEPRECATION WARNING:
On line 1 of "", after "*"
Starting in Sass 3.2, "html" may only be used at the beginning of a selector.

DEPRECATION WARNING:
On line 1 of "", after "*"
Starting in Sass 3.2, "html" may only be used at the beginning of a selector.

DEPRECATION WARNING:
On line 1 of "", after "*"
Starting in Sass 3.2, "html" may only be used at the beginning of a selector.

DEPRECATION WARNING:
On line 1 of "", after "*"
Starting in Sass 3.2, "html" may only be used at the beginning of a selector.

DEPRECATION WARNING:
On line 1 of "", after "*"
Starting in Sass 3.2, "html" may only be used at the beginning of a selector.

Completed 200 OK in 18990ms (Views: 18896.1ms | Mongo: 21.6ms)


Started GET "/uploads/user/avatar/50115504e1382365280000ad/mid60_screen_shot_2012-07-13_at_2.08.56_pm.png" for 111.195.177.60 at 2012-08-01 18:51:49 +0800


Started GET "/uploads/user/avatar/501214dce13823651e0000e7/mid60_screen_shot_2012-07-31_at_9.03.42_am.png" for 111.195.177.60 at 2012-08-01 18:51:49 +0800


Started GET "/uploads/user/avatar/50043db5e138237e34000002/small47_screen_shot_2012-07-31_at_11.40.12_am.png" for 111.195.177.60 at 2012-08-01 18:51:50 +0800


Started GET "/uploads/user/avatar/5005f34ee1382341d900001f/huge_screen_shot_2012-07-24_at_1.43.24_pm.png" for 111.195.177.60 at 2012-08-01 18:51:51 +0800


Started GET "/uploads/user/avatar/50115621e13823651900009b/mid60_junhui_deng.jpg" for 111.195.177.60 at 2012-08-01 18:51:51 +0800


Started GET "/uploads/user/avatar/501152f0e13823651e0000bd/mid60_file-mark_bergsma_june08.jpg" for 111.195.177.60 at 2012-08-01 18:51:51 +0800


Started GET "/embed/500f9970e13823796a000002" for 111.195.177.60 at 2012-08-01 18:51:52 +0800
Processing by CoursewaresController#embed as HTML
  Parameters: {"id"=>"500f9970e13823796a000002"}
  Rendered application/footers/_flo_footer.html.erb (0.1ms)
  Rendered coursewares/embed.html.erb within layouts/embedded (253.9ms)
Completed 200 OK in 260ms (Views: 256.1ms | Mongo: 1.1ms)


Started GET "/all_unread_notification_num?nocache=263" for 111.195.177.60 at 2012-08-01 18:51:54 +0800
Processing by AjaxController#all_unread_notification_num as JSON
  Parameters: {"nocache"=>"263"}
Completed 200 OK in 68ms (Views: 0.2ms | Mongo: 1.0ms)


Started GET "/" for 111.195.177.60 at 2012-08-01 18:53:37 +0800
Processing by WelcomeController#index as HTML
  Rendered application/headers/_zm_header.html.erb (4.1ms)
  Rendered welcome/_star_ul_lis.html.erb (8.0ms)
  Rendered application/footers/_flo_footer.html.erb (0.3ms)
  Rendered welcome/index.html.erb within layouts/application (241.9ms)
Completed 200 OK in 712ms (Views: 619.4ms | Mongo: 21.0ms)


Started GET "/uploads/user/avatar/5010b822e138231d4300002a/mid60_20101229085659.jpg" for 111.195.177.60 at 2012-08-01 18:53:41 +0800


Started GET "/uploads/user/avatar/501108b8e138231d50000075/mid60_myself.jpg" for 111.195.177.60 at 2012-08-01 18:53:41 +0800


Started GET "/uploads/user/avatar/50043db5e138237e34000002/small47_screen_shot_2012-07-31_at_11.40.12_am.png" for 111.195.177.60 at 2012-08-01 18:53:41 +0800


Started GET "/uploads/user/avatar/5005f34ee1382341d900001f/huge_screen_shot_2012-07-24_at_1.43.24_pm.png" for 111.195.177.60 at 2012-08-01 18:53:41 +0800


Started GET "/uploads/user/avatar/501214dce13823651e0000e7/mid60_screen_shot_2012-07-31_at_9.03.42_am.png" for 111.195.177.60 at 2012-08-01 18:53:41 +0800


Started GET "/uploads/user/avatar/501152f0e13823651e0000bd/mid60_file-mark_bergsma_june08.jpg" for 111.195.177.60 at 2012-08-01 18:53:41 +0800


Started GET "/embed/500f9970e13823796a000002" for 111.195.177.60 at 2012-08-01 18:53:41 +0800
Processing by CoursewaresController#embed as HTML
  Parameters: {"id"=>"500f9970e13823796a000002"}
  Rendered application/footers/_flo_footer.html.erb (0.1ms)
  Rendered coursewares/embed.html.erb within layouts/embedded (67.2ms)
Completed 200 OK in 73ms (Views: 69.2ms | Mongo: 1.0ms)


Started GET "/all_unread_notification_num?nocache=425" for 111.195.177.60 at 2012-08-01 18:53:43 +0800
Processing by AjaxController#all_unread_notification_num as JSON
  Parameters: {"nocache"=>"425"}
Completed 200 OK in 3ms (Views: 0.2ms | Mongo: 0.9ms)


Started GET "/welcome/about" for 111.195.177.60 at 2012-08-01 18:53:47 +0800
Processing by WelcomeController#about as HTML
  Rendered application/footers/_abt_footer.html.erb (0.3ms)
  Rendered welcome/about.html.erb within layouts/application (214.8ms)
Completed 200 OK in 314ms (Views: 310.5ms | Mongo: 0.9ms)


Started GET "/uploads/user/avatar/50043db5e138237e34000002/small47_screen_shot_2012-07-31_at_11.40.12_am.png" for 111.195.177.60 at 2012-08-01 18:53:51 +0800


Started GET "/all_unread_notification_num?nocache=880" for 111.195.177.60 at 2012-08-01 18:53:53 +0800
Processing by AjaxController#all_unread_notification_num as JSON
  Parameters: {"nocache"=>"880"}
Completed 200 OK in 3ms (Views: 0.2ms | Mongo: 0.9ms)


Started GET "/" for 111.195.177.60 at 2012-08-01 18:54:00 +0800
Processing by WelcomeController#index as HTML
  Rendered application/headers/_zm_header.html.erb (2.8ms)
  Rendered welcome/_star_ul_lis.html.erb (7.3ms)
  Rendered application/footers/_flo_footer.html.erb (0.1ms)
  Rendered welcome/index.html.erb within layouts/application (121.8ms)
Completed 200 OK in 231ms (Views: 210.7ms | Mongo: 14.8ms)


Started GET "/uploads/user/avatar/50120dede13823651e0000db/mid60_img00075-20100203-0817.jpg" for 111.195.177.60 at 2012-08-01 18:54:03 +0800


Started GET "/uploads/user/avatar/50115504e1382365280000ad/mid60_screen_shot_2012-07-13_at_2.08.56_pm.png" for 111.195.177.60 at 2012-08-01 18:54:03 +0800


Started GET "/uploads/user/avatar/5010c79fe138231d5b000083/mid60_screen_shot_2012-07-31_at_11.20.46_am.png" for 111.195.177.60 at 2012-08-01 18:54:04 +0800


Started GET "/uploads/user/avatar/50043db5e138237e34000002/small47_screen_shot_2012-07-31_at_11.40.12_am.png" for 111.195.177.60 at 2012-08-01 18:54:04 +0800


Started GET "/uploads/user/avatar/5005f34ee1382341d900001f/huge_screen_shot_2012-07-24_at_1.43.24_pm.png" for 111.195.177.60 at 2012-08-01 18:54:04 +0800


Started GET "/uploads/user/avatar/501152f0e13823651e0000bd/mid60_file-mark_bergsma_june08.jpg" for 111.195.177.60 at 2012-08-01 18:54:04 +0800


Started GET "/embed/500f9970e13823796a000002" for 111.195.177.60 at 2012-08-01 18:54:04 +0800
Processing by CoursewaresController#embed as HTML
  Parameters: {"id"=>"500f9970e13823796a000002"}
  Rendered application/footers/_flo_footer.html.erb (0.0ms)
  Rendered coursewares/embed.html.erb within layouts/embedded (2.8ms)
Completed 200 OK in 7ms (Views: 4.1ms | Mongo: 1.0ms)


Started GET "/all_unread_notification_num?nocache=129" for 111.195.177.60 at 2012-08-01 18:54:06 +0800
Processing by AjaxController#all_unread_notification_num as JSON
  Parameters: {"nocache"=>"129"}
Completed 200 OK in 2ms (Views: 0.2ms | Mongo: 0.7ms)


Started GET "/all_unread_notification_num?nocache=128" for 111.195.177.60 at 2012-08-01 18:55:06 +0800
Processing by AjaxController#all_unread_notification_num as JSON
  Parameters: {"nocache"=>"128"}
Completed 200 OK in 2ms (Views: 0.2ms | Mongo: 0.8ms)


Started GET "/welcome/about" for 111.195.177.60 at 2012-08-01 18:55:52 +0800
Processing by WelcomeController#about as HTML
  Rendered application/footers/_abt_footer.html.erb (0.2ms)
  Rendered welcome/about.html.erb within layouts/application (2.1ms)
Completed 200 OK in 106ms (Views: 102.1ms | Mongo: 1.2ms)
